Using pre-set license
Built from '2020.3/staging' branch; Version is '2020.3.26f1 (7298b473bc1a) revision 7510196'; Using compiler version '192528614'; Build Type 'Release'
OS: 'Windows 10  (10.0.17763) 64bit CoreSingleLanguage' Language: 'en' Physical Memory: 16303 MB
BatchMode: 1, IsHumanControllingUs: 0, StartBugReporterOnCrash: 0, Is64bit: 1, IsPro: 0

COMMAND LINE ARGUMENTS:
C:\Program Files\Unity\Hub\Editor\2020.3.26f1\Editor\Unity.exe
-adb2
-batchMode
-noUpm
-name
AssetImportWorker0
-projectPath
D:/Desktop/GameOminus
-logFile
Logs/AssetImportWorker0.log
-srvPort
64411
Successfully changed project path to: D:/Desktop/GameOminus
D:/Desktop/GameOminus
Using Asset Import Pipeline V2.
Refreshing native plugins compatible for Editor in 48.33 ms, found 3 plugins.
Preloading 0 native plugins for Editor in 0.00 ms.
Initialize engine version: 2020.3.26f1 (7298b473bc1a)
[Subsystems] Discovering subsystems at path C:/Program Files/Unity/Hub/Editor/2020.3.26f1/Editor/Data/Resources/UnitySubsystems
[Subsystems] Discovering subsystems at path D:/Desktop/GameOminus/Assets
GfxDevice: creating device client; threaded=0
Direct3D:
    Version:  Direct3D 11.0 [level 11.1]
    Renderer: NVIDIA GeForce GTX 1650 (ID=0x1f91)
    Vendor:   
    VRAM:     3962 MB
    Driver:   25.21.14.1798
Initialize mono
Mono path[0] = 'C:/Program Files/Unity/Hub/Editor/2020.3.26f1/Editor/Data/Managed'
Mono path[1] = 'C:/Program Files/Unity/Hub/Editor/2020.3.26f1/Editor/Data/MonoBleedingEdge/lib/mono/unityjit'
Mono config path = 'C:/Program Files/Unity/Hub/Editor/2020.3.26f1/Editor/Data/MonoBleedingEdge/etc'
Using monoOptions --debugger-agent=transport=dt_socket,embedding=1,server=y,suspend=n,address=127.0.0.1:56900
Begin MonoManager ReloadAssembly
Registering precompiled unity dll's ...
Register platform support module: C:/Program Files/Unity/Hub/Editor/2020.3.26f1/Editor/Data/PlaybackEngines/WindowsStandaloneSupport/UnityEditor.WindowsStandalone.Extensions.dll
Registered in 0.001283 seconds.
Native extension for WindowsStandalone target not found
Refreshing native plugins compatible for Editor in 48.65 ms, found 3 plugins.
Preloading 0 native plugins for Editor in 0.00 ms.
Mono: successfully reloaded assembly
- Completed reload, in  0.524 seconds
Domain Reload Profiling:
	ReloadAssembly (524ms)
		BeginReloadAssembly (45ms)
			ExecutionOrderSort (0ms)
			DisableScriptedObjects (0ms)
			BackupInstance (0ms)
			ReleaseScriptingObjects (0ms)
			CreateAndSetChildDomain (1ms)
		EndReloadAssembly (415ms)
			LoadAssemblies (43ms)
			RebuildTransferFunctionScriptingTraits (0ms)
			SetupTypeCache (132ms)
			ReleaseScriptCaches (0ms)
			RebuildScriptCaches (29ms)
			SetupLoadedEditorAssemblies (165ms)
				LogAssemblyErrors (0ms)
				InitializePlatformSupportModulesInManaged (4ms)
				SetLoadedEditorAssemblies (0ms)
				RefreshPlugins (49ms)
				BeforeProcessingInitializeOnLoad (15ms)
				ProcessInitializeOnLoadAttributes (72ms)
				ProcessInitializeOnLoadMethodAttributes (25ms)
				AfterProcessingInitializeOnLoad (0ms)
				EditorAssembliesLoaded (0ms)
			ExecutionOrderSort2 (0ms)
			AwakeInstancesAfterBackupRestoration (0ms)
Platform modules already initialized, skipping
Registering precompiled user dll's ...
Registered in 0.002664 seconds.
Begin MonoManager ReloadAssembly
Native extension for WindowsStandalone target not found
Refreshing native plugins compatible for Editor in 48.10 ms, found 3 plugins.
Preloading 0 native plugins for Editor in 0.00 ms.
Mono: successfully reloaded assembly
- Completed reload, in  1.069 seconds
Domain Reload Profiling:
	ReloadAssembly (1069ms)
		BeginReloadAssembly (149ms)
			ExecutionOrderSort (0ms)
			DisableScriptedObjects (6ms)
			BackupInstance (0ms)
			ReleaseScriptingObjects (0ms)
			CreateAndSetChildDomain (17ms)
		EndReloadAssembly (865ms)
			LoadAssemblies (77ms)
			RebuildTransferFunctionScriptingTraits (0ms)
			SetupTypeCache (281ms)
			ReleaseScriptCaches (0ms)
			RebuildScriptCaches (62ms)
			SetupLoadedEditorAssemblies (334ms)
				LogAssemblyErrors (0ms)
				InitializePlatformSupportModulesInManaged (3ms)
				SetLoadedEditorAssemblies (0ms)
				RefreshPlugins (48ms)
				BeforeProcessingInitializeOnLoad (72ms)
				ProcessInitializeOnLoadAttributes (192ms)
				ProcessInitializeOnLoadMethodAttributes (14ms)
				AfterProcessingInitializeOnLoad (5ms)
				EditorAssembliesLoaded (0ms)
			ExecutionOrderSort2 (0ms)
			AwakeInstancesAfterBackupRestoration (6ms)
Platform modules already initialized, skipping
========================================================================
Worker process is ready to serve import requests
Launched and connected shader compiler UnityShaderCompiler.exe after 0.04 seconds
Refreshing native plugins compatible for Editor in 0.51 ms, found 3 plugins.
Preloading 0 native plugins for Editor in 0.00 ms.
Unloading 2384 Unused Serialized files (Serialized files now loaded: 0)
System memory in use before: 102.5 MB.
System memory in use after: 102.7 MB.

Unloading 29 unused Assets to reduce memory usage. Loaded Objects now: 2822.
Total: 3.055000 ms (FindLiveObjects: 0.188500 ms CreateObjectMapping: 0.084400 ms MarkObjects: 2.719300 ms  DeleteObjects: 0.062000 ms)

AssetImportParameters requested are different than current active one (requested -> active):
  custom:framework-win-MediaFoundation: 216162199b28c13a410421893ffa2e32 -> 
  custom:video-decoder-ogg-theora: a1e56fd34408186e4bbccfd4996cb3dc -> 
  custom:container-muxer-webm: aa71ff27fc2769a1b78a27578f13a17b -> 
  custom:container-demuxer-webm: 4f35f7cbe854078d1ac9338744f61a02 -> 
  custom:container-demuxer-ogg: 62fdf1f143b41e24485cea50d1cbac27 -> 
  custom:video-encoder-webm-vp8: eb34c28f22e8b96e1ab97ce403110664 -> 
  custom:video-codec-MediaFoundation-h265: 746d11721c4dcdbdad8f713fa42b33f4 -> 
  custom:video-decoder-webm-vp8: 9c59270c3fd7afecdb556c50c9e8de78 -> 
  custom:audio-decoder-ogg-vorbis: bf7c407c2cedff20999df2af8eb42d56 -> 
  custom:audio-encoder-webm-vorbis: bf7c407c2cedff20999df2af8eb42d56 -> 
========================================================================
Received Import Request.
  path: Assets/Pixel2DCastleTileset/Sprites/walls_far.png
  artifactKey: Guid(bebd8e9ee8f970645b3fa5a0103c898a) Importer(815301076,1909f56bfc062723c751e8b465ee728b)
Start importing Assets/Pixel2DCastleTileset/Sprites/walls_far.png using Guid(bebd8e9ee8f970645b3fa5a0103c898a) Importer(815301076,1909f56bfc062723c751e8b465ee728b)  -> (artifact id: 'e8eccc20aabbf7d4058067abd7693130') in 0.173019 seconds 
  Import took 0.369668 seconds .

========================================================================
Received Import Request.
  Time since last request: 0.732883 seconds.
  path: Assets/Script/PlayerScript/stat.cs
  artifactKey: Guid(1c3309e9cbe3e7246a4f5c68d150ee94) Importer(815301076,1909f56bfc062723c751e8b465ee728b)
Start importing Assets/Script/PlayerScript/stat.cs using Guid(1c3309e9cbe3e7246a4f5c68d150ee94) Importer(815301076,1909f56bfc062723c751e8b465ee728b)  -> (artifact id: 'e5c7bf41ee68ce67117890bc7d75f67b') in 0.005066 seconds 
  Import took 0.032616 seconds .

========================================================================
Received Import Request.
  Time since last request: 0.089768 seconds.
  path: Assets/Dark_Forest/Sprites/env_ground.png
  artifactKey: Guid(532d89cce32ef33469a10c43c44556ea) Importer(815301076,1909f56bfc062723c751e8b465ee728b)
Start importing Assets/Dark_Forest/Sprites/env_ground.png using Guid(532d89cce32ef33469a10c43c44556ea) Importer(815301076,1909f56bfc062723c751e8b465ee728b)  -> (artifact id: '7f4b922b8af78a700b8578367606add1') in 0.033965 seconds 
  Import took 0.072421 seconds .

========================================================================
Received Import Request.
  Time since last request: 0.122163 seconds.
  path: Assets/Script/SoundJump.cs
  artifactKey: Guid(5be2cd260cc5a2a4aa57cd1a1bfc8799) Importer(815301076,1909f56bfc062723c751e8b465ee728b)
Start importing Assets/Script/SoundJump.cs using Guid(5be2cd260cc5a2a4aa57cd1a1bfc8799) Importer(815301076,1909f56bfc062723c751e8b465ee728b)  -> (artifact id: 'e7874019a4df05a037cbdbd8a158d84a') in 0.000823 seconds 
  Import took 0.015129 seconds .

========================================================================
Received Import Request.
  Time since last request: 0.117354 seconds.
  path: Assets/Pixel2DCastleTileset/Sprites/Sliced/environment.png
  artifactKey: Guid(3a42cd8a7d582c242b3448c5834f1adc) Importer(815301076,1909f56bfc062723c751e8b465ee728b)
Start importing Assets/Pixel2DCastleTileset/Sprites/Sliced/environment.png using Guid(3a42cd8a7d582c242b3448c5834f1adc) Importer(815301076,1909f56bfc062723c751e8b465ee728b)  -> (artifact id: '1bc61fa607e952067e97c45c0678f8f8') in 0.784915 seconds 
  Import took 0.878171 seconds .

========================================================================
Received Import Request.
  Time since last request: 0.425028 seconds.
  path: Assets/Dark_Forest/Sprites/env_rock.png
  artifactKey: Guid(93c7f893ffffbec45b617e1c3e375f94) Importer(815301076,1909f56bfc062723c751e8b465ee728b)
Start importing Assets/Dark_Forest/Sprites/env_rock.png using Guid(93c7f893ffffbec45b617e1c3e375f94) Importer(815301076,1909f56bfc062723c751e8b465ee728b)  -> (artifact id: '0206e06a180d04571f9d1b92efb52189') in 0.354546 seconds 
  Import took 0.359674 seconds .

========================================================================
Received Import Request.
  Time since last request: 0.040820 seconds.
  path: Assets/Script/EnemyScript/EnemyWeapon.cs
  artifactKey: Guid(0f71805f392abd44caa850ff0cde04f0) Importer(815301076,1909f56bfc062723c751e8b465ee728b)
Start importing Assets/Script/EnemyScript/EnemyWeapon.cs using Guid(0f71805f392abd44caa850ff0cde04f0) Importer(815301076,1909f56bfc062723c751e8b465ee728b)  -> (artifact id: '55e270f3cec1c99a0889508cacf8b7fd') in 0.000778 seconds 
  Import took 0.005472 seconds .

========================================================================
Received Import Request.
  Time since last request: 0.189649 seconds.
  path: Assets/Pixel2DCastleTileset/Sprites/Sliced/FIVE/New Animation1.anim
  artifactKey: Guid(fcb52055c2bfa784fb6009a907cb0d9f) Importer(815301076,1909f56bfc062723c751e8b465ee728b)
Start importing Assets/Pixel2DCastleTileset/Sprites/Sliced/FIVE/New Animation1.anim using Guid(fcb52055c2bfa784fb6009a907cb0d9f) Importer(815301076,1909f56bfc062723c751e8b465ee728b)  -> (artifact id: 'e6171189d65c2e15785407419dc386ce') in 0.003062 seconds 
  Import took 0.018134 seconds .

========================================================================
Received Import Request.
  Time since last request: 0.177293 seconds.
  path: Assets/Pixel2DCastleTileset/Sprites/environment.png
  artifactKey: Guid(2ea956eda35b470459b94905e0606c2e) Importer(815301076,1909f56bfc062723c751e8b465ee728b)
Start importing Assets/Pixel2DCastleTileset/Sprites/environment.png using Guid(2ea956eda35b470459b94905e0606c2e) Importer(815301076,1909f56bfc062723c751e8b465ee728b)  -> (artifact id: '7a52bc5a6762298a26bba7397e69d367') in 0.252461 seconds 
  Import took 0.272147 seconds .

========================================================================
Received Import Request.
  Time since last request: 0.102220 seconds.
  path: Assets/Dark_Forest/Sprites/Sliced
  artifactKey: Guid(b0cc024f97bc52c439f6d01fd30ebef9) Importer(815301076,1909f56bfc062723c751e8b465ee728b)
Start importing Assets/Dark_Forest/Sprites/Sliced using Guid(b0cc024f97bc52c439f6d01fd30ebef9) Importer(815301076,1909f56bfc062723c751e8b465ee728b)  -> (artifact id: 'bb920f17b69d6dc1dec312f3e3d65bd7') in 0.002057 seconds 
  Import took 0.029380 seconds .

========================================================================
Received Import Request.
  Time since last request: 0.210091 seconds.
  path: Assets/Script/EnemyScript/Enemy.cs
  artifactKey: Guid(3c8c411b4e9ea0242b2a37bdb6177a30) Importer(815301076,1909f56bfc062723c751e8b465ee728b)
Start importing Assets/Script/EnemyScript/Enemy.cs using Guid(3c8c411b4e9ea0242b2a37bdb6177a30) Importer(815301076,1909f56bfc062723c751e8b465ee728b)  -> (artifact id: '8c861aa3afe4a67543c50063ebcef503') in 0.000910 seconds 
  Import took 0.005575 seconds .

========================================================================
Received Import Request.
  Time since last request: 0.021379 seconds.
  path: Assets/Pixel2DCastleTileset/Sprites/Sliced/background.png
  artifactKey: Guid(75c6743ceca8d5347a9e7e3cbe7248b5) Importer(815301076,1909f56bfc062723c751e8b465ee728b)
Start importing Assets/Pixel2DCastleTileset/Sprites/Sliced/background.png using Guid(75c6743ceca8d5347a9e7e3cbe7248b5) Importer(815301076,1909f56bfc062723c751e8b465ee728b)  -> (artifact id: '5822327a204d69a715599182061879f5') in 0.051579 seconds 
  Import took 0.075898 seconds .

========================================================================
Received Import Request.
  Time since last request: 0.520972 seconds.
  path: Assets/Scenes/Stage2.unity
  artifactKey: Guid(63cba386d586b534786168b7d4dcb369) Importer(815301076,1909f56bfc062723c751e8b465ee728b)
Start importing Assets/Scenes/Stage2.unity using Guid(63cba386d586b534786168b7d4dcb369) Importer(815301076,1909f56bfc062723c751e8b465ee728b)  -> (artifact id: 'c5c61f54912bd8b042f0cc5238ea1822') in 0.001300 seconds 
  Import took 0.027686 seconds .

========================================================================
Received Import Request.
  Time since last request: 0.034152 seconds.
  path: Assets/Dark_Forest/Sprites/bgrd_tree2.png
  artifactKey: Guid(c09313a3379ebb44fb08e8a0b6bfca81) Importer(815301076,1909f56bfc062723c751e8b465ee728b)
Start importing Assets/Dark_Forest/Sprites/bgrd_tree2.png using Guid(c09313a3379ebb44fb08e8a0b6bfca81) Importer(815301076,1909f56bfc062723c751e8b465ee728b)  -> (artifact id: '037ac79b28e10448e94b018f13836fdc') in 0.018639 seconds 
  Import took 0.024005 seconds .

========================================================================
Received Import Request.
  Time since last request: 0.201747 seconds.
  path: Assets/Pixel2DCastleTileset/Sprites/Sliced/FIVE/anim_light1_0.controller
  artifactKey: Guid(dc4eb484aa87e6747879f28c039c3747) Importer(815301076,1909f56bfc062723c751e8b465ee728b)
Start importing Assets/Pixel2DCastleTileset/Sprites/Sliced/FIVE/anim_light1_0.controller using Guid(dc4eb484aa87e6747879f28c039c3747) Importer(815301076,1909f56bfc062723c751e8b465ee728b)  -> (artifact id: '3bdc4b9836bec56870222a6422b0e549') in 0.003206 seconds 
  Import took 0.025350 seconds .

========================================================================
Received Import Request.
  Time since last request: 0.027688 seconds.
  path: Assets/Dark_Forest/Sprites/Sliced/bgrd_tree3.png
  artifactKey: Guid(6e8cfb191ced1eb40a94d29f632f952a) Importer(815301076,1909f56bfc062723c751e8b465ee728b)
Start importing Assets/Dark_Forest/Sprites/Sliced/bgrd_tree3.png using Guid(6e8cfb191ced1eb40a94d29f632f952a) Importer(815301076,1909f56bfc062723c751e8b465ee728b)  -> (artifact id: 'a15278cde4ec7f074e4dbd0f2c758375') in 0.010700 seconds 
  Import took 0.015112 seconds .

========================================================================
Received Import Request.
  Time since last request: 0.023862 seconds.
  path: Assets/PreFab/fog.prefab
  artifactKey: Guid(48df138a5e55716408f8b38e3541d9fb) Importer(815301076,1909f56bfc062723c751e8b465ee728b)
Start importing Assets/PreFab/fog.prefab using Guid(48df138a5e55716408f8b38e3541d9fb) Importer(815301076,1909f56bfc062723c751e8b465ee728b)  -> (artifact id: '5ec15764f9512b847eb46dfc4e7248ae') in 0.053205 seconds 
  Import took 0.084401 seconds .

========================================================================
Received Import Request.
  Time since last request: 0.077850 seconds.
  path: Assets/Dark_Forest/Sprites/Sliced/bgrd_tree1.png
  artifactKey: Guid(59c40e9bf99ef3b478c974531f9e6d38) Importer(815301076,1909f56bfc062723c751e8b465ee728b)
Start importing Assets/Dark_Forest/Sprites/Sliced/bgrd_tree1.png using Guid(59c40e9bf99ef3b478c974531f9e6d38) Importer(815301076,1909f56bfc062723c751e8b465ee728b)  -> (artifact id: '32517390d9c7c4bfe46cd2505ef81541') in 0.028277 seconds 
  Import took 0.046720 seconds .

========================================================================
Received Import Request.
  Time since last request: 0.050725 seconds.
  path: Assets/Pixel2DCastleTileset/Sprites/background.png
  artifactKey: Guid(6286f87a892e2f34ab4786a47b616885) Importer(815301076,1909f56bfc062723c751e8b465ee728b)
Start importing Assets/Pixel2DCastleTileset/Sprites/background.png using Guid(6286f87a892e2f34ab4786a47b616885) Importer(815301076,1909f56bfc062723c751e8b465ee728b)  -> (artifact id: 'c8e78893590dbb4d6826f78eae5a396b') in 0.018948 seconds 
  Import took 0.023733 seconds .

========================================================================
Received Import Request.
  Time since last request: 0.106911 seconds.
  path: Assets/Dark_Forest/Sprites/bgrd_tree4.png
  artifactKey: Guid(3b5a750494478e543be641d3aed3b6fe) Importer(815301076,1909f56bfc062723c751e8b465ee728b)
Start importing Assets/Dark_Forest/Sprites/bgrd_tree4.png using Guid(3b5a750494478e543be641d3aed3b6fe) Importer(815301076,1909f56bfc062723c751e8b465ee728b)  -> (artifact id: 'fb6941454476f926d84c62d84a55b58f') in 0.009037 seconds 
  Import took 0.017217 seconds .

========================================================================
Received Import Request.
  Time since last request: 0.072671 seconds.
  path: Assets/Script/Gamesis2/NPCDESTROY2.cs
  artifactKey: Guid(3e4aa09f17a9b7a4c9cb59386ec69db2) Importer(815301076,1909f56bfc062723c751e8b465ee728b)
Start importing Assets/Script/Gamesis2/NPCDESTROY2.cs using Guid(3e4aa09f17a9b7a4c9cb59386ec69db2) Importer(815301076,1909f56bfc062723c751e8b465ee728b)  -> (artifact id: '14505f9aeb61d6efdc9fbdd9d7bb1c56') in 0.000778 seconds 
  Import took 0.006587 seconds .

========================================================================
Received Import Request.
  Time since last request: 0.583373 seconds.
  path: Assets/Pixel2DCastleTileset/Sprites/Sliced/walls.png
  artifactKey: Guid(61504cea38d7bfc41aa06c634949b575) Importer(815301076,1909f56bfc062723c751e8b465ee728b)
Start importing Assets/Pixel2DCastleTileset/Sprites/Sliced/walls.png using Guid(61504cea38d7bfc41aa06c634949b575) Importer(815301076,1909f56bfc062723c751e8b465ee728b)  -> (artifact id: 'cc5de0988e308f676a33b33acfe04fbf') in 1.449907 seconds 
  Import took 1.478128 seconds .

========================================================================
Received Import Request.
  Time since last request: 0.202304 seconds.
  path: Assets/Pixel2DCastleTileset/Sprites/Sliced/FIVE/New Animation2.anim
  artifactKey: Guid(beec6ae9dd0dd844ebee6a575f569fdd) Importer(815301076,1909f56bfc062723c751e8b465ee728b)
Start importing Assets/Pixel2DCastleTileset/Sprites/Sliced/FIVE/New Animation2.anim using Guid(beec6ae9dd0dd844ebee6a575f569fdd) Importer(815301076,1909f56bfc062723c751e8b465ee728b)  -> (artifact id: 'f96fcb59f4686358551a334f7c048e12') in 0.001805 seconds 
  Import took 0.018624 seconds .

========================================================================
Received Import Request.
  Time since last request: 0.001419 seconds.
  path: Assets/Pixel2DCastleTileset/Sprites/walls_side_top_far.png
  artifactKey: Guid(0a9eefdd43270eb43aaa96835ef11345) Importer(815301076,1909f56bfc062723c751e8b465ee728b)
Start importing Assets/Pixel2DCastleTileset/Sprites/walls_side_top_far.png using Guid(0a9eefdd43270eb43aaa96835ef11345) Importer(815301076,1909f56bfc062723c751e8b465ee728b)  -> (artifact id: '321beadc78330a9dc8ceabfbf7b60f2d') in 0.178608 seconds 
  Import took 0.229456 seconds .

========================================================================
Received Import Request.
  Time since last request: 0.115666 seconds.
  path: Assets/Dark_Forest/Sprites
  artifactKey: Guid(53b18ec03c58d014facad036cb3af20b) Importer(815301076,1909f56bfc062723c751e8b465ee728b)
Start importing Assets/Dark_Forest/Sprites using Guid(53b18ec03c58d014facad036cb3af20b) Importer(815301076,1909f56bfc062723c751e8b465ee728b)  -> (artifact id: '1a6c14553c6266a24fd7a968c6ae7379') in 0.000817 seconds 
  Import took 0.005427 seconds .

========================================================================
Received Import Request.
  Time since last request: 0.167913 seconds.
  path: Assets/Pixel2DCastleTileset
  artifactKey: Guid(b7f5d97280acba1479204c19c117541e) Importer(815301076,1909f56bfc062723c751e8b465ee728b)
Start importing Assets/Pixel2DCastleTileset using Guid(b7f5d97280acba1479204c19c117541e) Importer(815301076,1909f56bfc062723c751e8b465ee728b)  -> (artifact id: 'c160efb832151adb5f61097fb0db0a65') in 0.020137 seconds 
  Import took 0.077312 seconds .

========================================================================
Received Import Request.
  Time since last request: 0.032016 seconds.
  path: Assets/Pixel2DCastleTileset/Sprites/walls.png
  artifactKey: Guid(4ec1ca871f54032478cd0d55888a86dc) Importer(815301076,1909f56bfc062723c751e8b465ee728b)
Start importing Assets/Pixel2DCastleTileset/Sprites/walls.png using Guid(4ec1ca871f54032478cd0d55888a86dc) Importer(815301076,1909f56bfc062723c751e8b465ee728b)  -> (artifact id: '12600b689afe97bb497e294455894f35') in 0.088814 seconds 
  Import took 0.120098 seconds .

========================================================================
Received Import Request.
  Time since last request: 0.341972 seconds.
  path: Assets/Pixel2DCastleTileset/Demo/Demo.unity
  artifactKey: Guid(edfd8fbcd0c867f4e9d2345737053f59) Importer(815301076,1909f56bfc062723c751e8b465ee728b)
Start importing Assets/Pixel2DCastleTileset/Demo/Demo.unity using Guid(edfd8fbcd0c867f4e9d2345737053f59) Importer(815301076,1909f56bfc062723c751e8b465ee728b)  -> (artifact id: '1bffaa5b62a0697ebab73db2d51de5f3') in 0.001258 seconds 
  Import took 0.040914 seconds .

========================================================================
Received Import Request.
  Time since last request: 0.060791 seconds.
  path: Assets/Pixel2DCastleTileset/Sprites/Sliced/FIVE
  artifactKey: Guid(a025ac2c4fe7be545b14f59eb2cc0e45) Importer(815301076,1909f56bfc062723c751e8b465ee728b)
Start importing Assets/Pixel2DCastleTileset/Sprites/Sliced/FIVE using Guid(a025ac2c4fe7be545b14f59eb2cc0e45) Importer(815301076,1909f56bfc062723c751e8b465ee728b)  -> (artifact id: '1bd551db6e72e19832fa9545a8d98e9a') in 0.001302 seconds 
  Import took 0.004633 seconds .

========================================================================
Received Import Request.
  Time since last request: 0.196364 seconds.
  path: Assets/Dark_Forest/Sprites/Sliced/main_background.png
  artifactKey: Guid(81d5995c353891a49bf7a0d2dc9a7b44) Importer(815301076,1909f56bfc062723c751e8b465ee728b)
Start importing Assets/Dark_Forest/Sprites/Sliced/main_background.png using Guid(81d5995c353891a49bf7a0d2dc9a7b44) Importer(815301076,1909f56bfc062723c751e8b465ee728b)  -> (artifact id: 'e36ec69504652039b541576fd2a83a3b') in 0.021787 seconds 
  Import took 0.035558 seconds .

========================================================================
Received Import Request.
  Time since last request: 0.001741 seconds.
  path: Assets/Dark_Forest/Sprites/bgrd_tree5.png
  artifactKey: Guid(49a21a9300fcd1e4380acf24d06aafc1) Importer(815301076,1909f56bfc062723c751e8b465ee728b)
Start importing Assets/Dark_Forest/Sprites/bgrd_tree5.png using Guid(49a21a9300fcd1e4380acf24d06aafc1) Importer(815301076,1909f56bfc062723c751e8b465ee728b)  -> (artifact id: '2e19c91ac4e84d185f65028ec8348e08') in 0.024985 seconds 
  Import took 0.030211 seconds .

========================================================================
Received Import Request.
  Time since last request: 0.244932 seconds.
  path: Assets/Pixel2DCastleTileset/Sprites/Sliced/walls_side_top_far.png
  artifactKey: Guid(60b932daca781074791abdc304b7a06a) Importer(815301076,1909f56bfc062723c751e8b465ee728b)
Start importing Assets/Pixel2DCastleTileset/Sprites/Sliced/walls_side_top_far.png using Guid(60b932daca781074791abdc304b7a06a) Importer(815301076,1909f56bfc062723c751e8b465ee728b)  -> (artifact id: '6685b7b703453e23cddf6184d6a255ad') in 0.799531 seconds 
  Import took 0.805822 seconds .

========================================================================
Received Import Request.
  Time since last request: 0.274654 seconds.
  path: Assets/Pixel2DCastleTileset/Sprites/Sliced/ground.png
  artifactKey: Guid(e3b50334692f8f544b001d8a0536b61a) Importer(815301076,1909f56bfc062723c751e8b465ee728b)
Start importing Assets/Pixel2DCastleTileset/Sprites/Sliced/ground.png using Guid(e3b50334692f8f544b001d8a0536b61a) Importer(815301076,1909f56bfc062723c751e8b465ee728b)  -> (artifact id: '47a1f14791eedcdba28bcac13edbf03c') in 0.459908 seconds 
  Import took 0.501396 seconds .

========================================================================
Received Import Request.
  Time since last request: 0.082702 seconds.
  path: Assets/Dark_Forest/about.txt
  artifactKey: Guid(77a9649822eb5364ca5458cbe69c7359) Importer(815301076,1909f56bfc062723c751e8b465ee728b)
Start importing Assets/Dark_Forest/about.txt using Guid(77a9649822eb5364ca5458cbe69c7359) Importer(815301076,1909f56bfc062723c751e8b465ee728b)  -> (artifact id: 'dc76afdd48ad151c0f6c6b3aea51a976') in 0.011355 seconds 
  Import took 0.040265 seconds .

========================================================================
Received Import Request.
  Time since last request: 0.289707 seconds.
  path: Assets/Scenes/SampleScene.unity
  artifactKey: Guid(e7a97b9127bbb6945a5901678e6373e5) Importer(815301076,1909f56bfc062723c751e8b465ee728b)
Start importing Assets/Scenes/SampleScene.unity using Guid(e7a97b9127bbb6945a5901678e6373e5) Importer(815301076,1909f56bfc062723c751e8b465ee728b)  -> (artifact id: '96359c1a9292ec2df21586a86ba6ba8e') in 0.001118 seconds 
  Import took 0.224640 seconds .

========================================================================
Received Import Request.
  Time since last request: 0.023996 seconds.
  path: Assets/Pixel2DCastleTileset/Sprites/anim_light1.png
  artifactKey: Guid(1d3377103e67eed4b8bea7ebcc27ef5c) Importer(815301076,1909f56bfc062723c751e8b465ee728b)
Start importing Assets/Pixel2DCastleTileset/Sprites/anim_light1.png using Guid(1d3377103e67eed4b8bea7ebcc27ef5c) Importer(815301076,1909f56bfc062723c751e8b465ee728b)  -> (artifact id: '53ee82430559cd89f00a8fb1fa8bf00a') in 0.008465 seconds 
  Import took 0.038653 seconds .

========================================================================
Received Import Request.
  Time since last request: 0.037665 seconds.
  path: Assets/Pixel2DCastleTileset/Sprites/Sliced/FIVE/anim_light4_0.controller
  artifactKey: Guid(cdde83b7cdc15eb45a5103990106f503) Importer(815301076,1909f56bfc062723c751e8b465ee728b)
Start importing Assets/Pixel2DCastleTileset/Sprites/Sliced/FIVE/anim_light4_0.controller using Guid(cdde83b7cdc15eb45a5103990106f503) Importer(815301076,1909f56bfc062723c751e8b465ee728b)  -> (artifact id: '0f03f17f4d3b036d91abe258615dc445') in 0.001533 seconds 
  Import took 0.021558 seconds .

========================================================================
Received Import Request.
  Time since last request: 0.019498 seconds.
  path: Assets/Script/EnemyScript/Enemy_Run.cs
  artifactKey: Guid(52d300736a3a291449ab8e81ff81d406) Importer(815301076,1909f56bfc062723c751e8b465ee728b)
Start importing Assets/Script/EnemyScript/Enemy_Run.cs using Guid(52d300736a3a291449ab8e81ff81d406) Importer(815301076,1909f56bfc062723c751e8b465ee728b)  -> (artifact id: 'df9f46b34748a6a3a97d098002c8ef2e') in 0.000805 seconds 
  Import took 0.014268 seconds .

========================================================================
Received Import Request.
  Time since last request: 0.092757 seconds.
  path: Assets/Script/SoundBoss.cs
  artifactKey: Guid(dcc0e7b4d8652f640abae979c3ce5fae) Importer(815301076,1909f56bfc062723c751e8b465ee728b)
Start importing Assets/Script/SoundBoss.cs using Guid(dcc0e7b4d8652f640abae979c3ce5fae) Importer(815301076,1909f56bfc062723c751e8b465ee728b)  -> (artifact id: '06592b874bcd5e710d79d021d9468296') in 0.000906 seconds 
  Import took 0.017789 seconds .

========================================================================
Received Import Request.
  Time since last request: 0.142472 seconds.
  path: Assets/Pixel2DCastleTileset/Sprites/Sliced/anim_light3.png
  artifactKey: Guid(27df11ebd9f54314a9f96ea8a85a4e0f) Importer(815301076,1909f56bfc062723c751e8b465ee728b)
Start importing Assets/Pixel2DCastleTileset/Sprites/Sliced/anim_light3.png using Guid(27df11ebd9f54314a9f96ea8a85a4e0f) Importer(815301076,1909f56bfc062723c751e8b465ee728b)  -> (artifact id: '75a9cb98be4c578eef3c63d5fada76a5') in 0.021592 seconds 
  Import took 0.045866 seconds .

========================================================================
Received Import Request.
  Time since last request: 0.001727 seconds.
  path: Assets/Pixel2DCastleTileset/Sprites/terrain.png
  artifactKey: Guid(35cd0037933bb40448a06507a321c698) Importer(815301076,1909f56bfc062723c751e8b465ee728b)
Start importing Assets/Pixel2DCastleTileset/Sprites/terrain.png using Guid(35cd0037933bb40448a06507a321c698) Importer(815301076,1909f56bfc062723c751e8b465ee728b)  -> (artifact id: '01126eeb6297a29df810cbe9f709a2f8') in 0.094692 seconds 
  Import took 0.101760 seconds .

========================================================================
Received Import Request.
  Time since last request: 0.090794 seconds.
  path: Assets/Pixel2DCastleTileset/Sprites/Sliced/FIVE/anim_light2_0.controller
  artifactKey: Guid(3d86720ce6befda429c53fc932ceb035) Importer(815301076,1909f56bfc062723c751e8b465ee728b)
Start importing Assets/Pixel2DCastleTileset/Sprites/Sliced/FIVE/anim_light2_0.controller using Guid(3d86720ce6befda429c53fc932ceb035) Importer(815301076,1909f56bfc062723c751e8b465ee728b)  -> (artifact id: '77a59c5e79c0203c1d42d77474ccca62') in 0.001487 seconds 
  Import took 0.005857 seconds .

========================================================================
Received Import Request.
  Time since last request: 0.238316 seconds.
  path: Assets/Script/PlayerScript/Bullet.cs
  artifactKey: Guid(7da24350e9a8a964c97ca2372870decc) Importer(815301076,1909f56bfc062723c751e8b465ee728b)
Start importing Assets/Script/PlayerScript/Bullet.cs using Guid(7da24350e9a8a964c97ca2372870decc) Importer(815301076,1909f56bfc062723c751e8b465ee728b)  -> (artifact id: 'f4054f6b3836016676c298cd26905f69') in 0.000814 seconds 
  Import took 0.075036 seconds .

========================================================================
Received Import Request.
  Time since last request: 0.100704 seconds.
  path: Assets/Dark_Forest/Sprites/Sliced/bgrd_tree2.png
  artifactKey: Guid(f1d4b828de940134b8cbf6a9f93a5653) Importer(815301076,1909f56bfc062723c751e8b465ee728b)
Start importing Assets/Dark_Forest/Sprites/Sliced/bgrd_tree2.png using Guid(f1d4b828de940134b8cbf6a9f93a5653) Importer(815301076,1909f56bfc062723c751e8b465ee728b)  -> (artifact id: '750ebef88747ccc2a3fa7f585831b87d') in 0.027236 seconds 
  Import took 0.046795 seconds .

========================================================================
Received Import Request.
  Time since last request: 0.021036 seconds.
  path: Assets/Dark_Forest/Sprites/Sliced/wood_env.png
  artifactKey: Guid(a90e7ae3ed57b3a4b8f5dc630006ccb1) Importer(815301076,1909f56bfc062723c751e8b465ee728b)
Start importing Assets/Dark_Forest/Sprites/Sliced/wood_env.png using Guid(a90e7ae3ed57b3a4b8f5dc630006ccb1) Importer(815301076,1909f56bfc062723c751e8b465ee728b)  -> (artifact id: '126df27a1026f5b5deb2c37017d49ab2') in 1.500246 seconds 
  Import took 1.505374 seconds .

========================================================================
Received Import Request.
  Time since last request: 0.250427 seconds.
  path: Assets/Pixel2DCastleTileset/Sprites/env_objects_far.png
  artifactKey: Guid(c6b8c7836e692f644bbf62eeec018d71) Importer(815301076,1909f56bfc062723c751e8b465ee728b)
Start importing Assets/Pixel2DCastleTileset/Sprites/env_objects_far.png using Guid(c6b8c7836e692f644bbf62eeec018d71) Importer(815301076,1909f56bfc062723c751e8b465ee728b)  -> (artifact id: '8f08f941409f3975d4394d5b95900023') in 0.165933 seconds 
  Import took 0.191108 seconds .

========================================================================
Received Import Request.
  Time since last request: 0.113442 seconds.
  path: Assets/Pixel2DCastleTileset/Demo
  artifactKey: Guid(062f8cdfa1b37264b9954d41b9942f52) Importer(815301076,1909f56bfc062723c751e8b465ee728b)
Start importing Assets/Pixel2DCastleTileset/Demo using Guid(062f8cdfa1b37264b9954d41b9942f52) Importer(815301076,1909f56bfc062723c751e8b465ee728b)  -> (artifact id: '375931a0b8fa147f2ce1c1276ebf0d4f') in 0.001630 seconds 
  Import took 0.017219 seconds .

========================================================================
Received Import Request.
  Time since last request: 0.119212 seconds.
  path: Assets/Dark_Forest/Sprites/env_trees.png
  artifactKey: Guid(c70abfca77f36714b92b411ffbced25c) Importer(815301076,1909f56bfc062723c751e8b465ee728b)
Start importing Assets/Dark_Forest/Sprites/env_trees.png using Guid(c70abfca77f36714b92b411ffbced25c) Importer(815301076,1909f56bfc062723c751e8b465ee728b)  -> (artifact id: 'dab69c3a3216210f948f43504a37c5a2') in 0.018780 seconds 
  Import took 0.044456 seconds .

========================================================================
Received Import Request.
  Time since last request: 0.044625 seconds.
  path: Assets/Dark_Forest/Sprites/top_far_bgrnd.png
  artifactKey: Guid(550e91c594125c5409bd8646924ced15) Importer(815301076,1909f56bfc062723c751e8b465ee728b)
Start importing Assets/Dark_Forest/Sprites/top_far_bgrnd.png using Guid(550e91c594125c5409bd8646924ced15) Importer(815301076,1909f56bfc062723c751e8b465ee728b)  -> (artifact id: 'd40d1d92d92714eff1c03416420e6571') in 0.411224 seconds 
  Import took 0.466202 seconds .

========================================================================
Received Import Request.
  Time since last request: 0.329330 seconds.
  path: Assets/Pixel2DCastleTileset/about.txt
  artifactKey: Guid(63b839b72aad42f419fa7e634691a159) Importer(815301076,1909f56bfc062723c751e8b465ee728b)
Start importing Assets/Pixel2DCastleTileset/about.txt using Guid(63b839b72aad42f419fa7e634691a159) Importer(815301076,1909f56bfc062723c751e8b465ee728b)  -> (artifact id: 'ff9f714888a4b2a5543bd9263a1b2bf4') in 0.001992 seconds 
  Import took 0.029052 seconds .

========================================================================
Received Import Request.
  Time since last request: 0.001472 seconds.
  path: Assets/Pixel2DCastleTileset/Sprites/Sliced/anim_light2.png
  artifactKey: Guid(eec02ced1b9f270429fe711bab10618c) Importer(815301076,1909f56bfc062723c751e8b465ee728b)
Start importing Assets/Pixel2DCastleTileset/Sprites/Sliced/anim_light2.png using Guid(eec02ced1b9f270429fe711bab10618c) Importer(815301076,1909f56bfc062723c751e8b465ee728b)  -> (artifact id: 'c87c8b930fac729a13a7e37070fe3d1d') in 0.011191 seconds 
  Import took 0.014610 seconds .

========================================================================
Received Import Request.
  Time since last request: 0.131166 seconds.
  path: Assets/Dark_Forest/Sprites/decorative_obj.png
  artifactKey: Guid(120d8d95c9fd212499279a73119505aa) Importer(815301076,1909f56bfc062723c751e8b465ee728b)
Start importing Assets/Dark_Forest/Sprites/decorative_obj.png using Guid(120d8d95c9fd212499279a73119505aa) Importer(815301076,1909f56bfc062723c751e8b465ee728b)  -> (artifact id: '1090ef03c984beb3568f442d4f5aba13') in 0.020356 seconds 
  Import took 0.064398 seconds .

========================================================================
Received Import Request.
  Time since last request: 0.052314 seconds.
  path: Assets/Pixel2DCastleTileset/Sprites/anim_lights.png
  artifactKey: Guid(f3a2259b73274f24baf08a7487d47e2e) Importer(815301076,1909f56bfc062723c751e8b465ee728b)
Start importing Assets/Pixel2DCastleTileset/Sprites/anim_lights.png using Guid(f3a2259b73274f24baf08a7487d47e2e) Importer(815301076,1909f56bfc062723c751e8b465ee728b)  -> (artifact id: '2f83138a916ee99d732930194264be03') in 0.010155 seconds 
  Import took 0.026724 seconds .

========================================================================
Received Import Request.
  Time since last request: 0.215773 seconds.
  path: Assets/Pixel2DCastleTileset/Sprites
  artifactKey: Guid(7cb361e68d5577d4fbc0da82b970e9af) Importer(815301076,1909f56bfc062723c751e8b465ee728b)
Start importing Assets/Pixel2DCastleTileset/Sprites using Guid(7cb361e68d5577d4fbc0da82b970e9af) Importer(815301076,1909f56bfc062723c751e8b465ee728b)  -> (artifact id: '5bd2b1a595d20934e418f4802dbb2362') in 0.000750 seconds 
  Import took 0.019792 seconds .

========================================================================
Received Import Request.
  Time since last request: 0.211197 seconds.
  path: Assets/Script/PlayerScript/PlayerSpecialAttack.cs
  artifactKey: Guid(9c48ce8a016204d428f0095b833f2521) Importer(815301076,1909f56bfc062723c751e8b465ee728b)
Start importing Assets/Script/PlayerScript/PlayerSpecialAttack.cs using Guid(9c48ce8a016204d428f0095b833f2521) Importer(815301076,1909f56bfc062723c751e8b465ee728b)  -> (artifact id: '768ab586e99ada79005bac30e5f0792f') in 0.000988 seconds 
  Import took 0.004116 seconds .

========================================================================
Received Import Request.
  Time since last request: 0.146777 seconds.
  path: Assets/Dark_Forest/Sprites/wood_env.png
  artifactKey: Guid(90798b7f4ae8bea479a1995c488bb177) Importer(815301076,1909f56bfc062723c751e8b465ee728b)
Start importing Assets/Dark_Forest/Sprites/wood_env.png using Guid(90798b7f4ae8bea479a1995c488bb177) Importer(815301076,1909f56bfc062723c751e8b465ee728b)  -> (artifact id: '3abf03f0cfb625705d41097e54d9958a') in 0.007974 seconds 
  Import took 0.011488 seconds .

========================================================================
Received Import Request.
  Time since last request: 0.093667 seconds.
  path: Assets/Dark_Forest/Sprites/Sliced/env_mon.png
  artifactKey: Guid(8e9e76f64fc248a4b843854f6613ef87) Importer(815301076,1909f56bfc062723c751e8b465ee728b)
Start importing Assets/Dark_Forest/Sprites/Sliced/env_mon.png using Guid(8e9e76f64fc248a4b843854f6613ef87) Importer(815301076,1909f56bfc062723c751e8b465ee728b)  -> (artifact id: 'ed4da88cd186d83685815dcf034fabba') in 1.160603 seconds 
  Import took 1.219052 seconds .

========================================================================
Received Import Request.
  Time since last request: 0.281114 seconds.
  path: Assets/Pixel2DCastleTileset/Sprites/anim_light2.png
  artifactKey: Guid(5dad671b9f272e84fb3fcdc2431a88d3) Importer(815301076,1909f56bfc062723c751e8b465ee728b)
Start importing Assets/Pixel2DCastleTileset/Sprites/anim_light2.png using Guid(5dad671b9f272e84fb3fcdc2431a88d3) Importer(815301076,1909f56bfc062723c751e8b465ee728b)  -> (artifact id: '36b2f685108a656a84774440af80e99c') in 0.007715 seconds 
  Import took 0.025137 seconds .

========================================================================
Received Import Request.
  Time since last request: 0.113229 seconds.
  path: Assets/Dark_Forest/Sprites/Sliced/env_trees.png
  artifactKey: Guid(a86ab2c3b362abd4bb90af1bb44aff3b) Importer(815301076,1909f56bfc062723c751e8b465ee728b)
Start importing Assets/Dark_Forest/Sprites/Sliced/env_trees.png using Guid(a86ab2c3b362abd4bb90af1bb44aff3b) Importer(815301076,1909f56bfc062723c751e8b465ee728b)  -> (artifact id: '5dacb26debdf922a2a423d863c7a5629') in 1.567716 seconds 
  Import took 1.663346 seconds .

========================================================================
Received Import Request.
  Time since last request: 0.817476 seconds.
  path: Assets/Pixel2DCastleTileset/Sprites/Sliced/terrain.png
  artifactKey: Guid(ffbfc12976fa2734e91b030d16097afb) Importer(815301076,1909f56bfc062723c751e8b465ee728b)
Start importing Assets/Pixel2DCastleTileset/Sprites/Sliced/terrain.png using Guid(ffbfc12976fa2734e91b030d16097afb) Importer(815301076,1909f56bfc062723c751e8b465ee728b)  -> (artifact id: '30a0f8b79837d09a115b13251d2bab0d') in 0.310990 seconds 
  Import took 0.336610 seconds .

========================================================================
Received Import Request.
  Time since last request: 0.236648 seconds.
  path: Assets/Dark_Forest/Sprites/Sliced/bgrd_tree5.png
  artifactKey: Guid(0903063eee308ef479c7bac18f4f4e0f) Importer(815301076,1909f56bfc062723c751e8b465ee728b)
Start importing Assets/Dark_Forest/Sprites/Sliced/bgrd_tree5.png using Guid(0903063eee308ef479c7bac18f4f4e0f) Importer(815301076,1909f56bfc062723c751e8b465ee728b)  -> (artifact id: '7a2096566ef9ad1d1a785e2648596f06') in 0.023448 seconds 
  Import took 0.027196 seconds .

========================================================================
Received Import Request.
  Time since last request: 0.369071 seconds.
  path: Assets/Dark_Forest/Scene/Demo.unity
  artifactKey: Guid(d011cd83c507ad44884a1a0ae306c214) Importer(815301076,1909f56bfc062723c751e8b465ee728b)
Start importing Assets/Dark_Forest/Scene/Demo.unity using Guid(d011cd83c507ad44884a1a0ae306c214) Importer(815301076,1909f56bfc062723c751e8b465ee728b)  -> (artifact id: '15f03c57ce9a460d51f7d18c8a1d8f81') in 0.001123 seconds 
  Import took 0.009955 seconds .

========================================================================
Received Import Request.
  Time since last request: 0.014261 seconds.
  path: Assets/Pixel2DCastleTileset/Sprites/Sliced/env_objects.png
  artifactKey: Guid(40f539b353576a2448588d9417312eed) Importer(815301076,1909f56bfc062723c751e8b465ee728b)
Start importing Assets/Pixel2DCastleTileset/Sprites/Sliced/env_objects.png using Guid(40f539b353576a2448588d9417312eed) Importer(815301076,1909f56bfc062723c751e8b465ee728b)  -> (artifact id: '7d55fc0a9eea07baaa64320958081c53') in 1.324333 seconds 
  Import took 1.564835 seconds .

========================================================================
Received Import Request.
  Time since last request: 0.047189 seconds.
  path: Assets/Pixel2DCastleTileset/Sprites/wood_env.png
  artifactKey: Guid(b14f9130a4f0b104b997ebaff72d3201) Importer(815301076,1909f56bfc062723c751e8b465ee728b)
Start importing Assets/Pixel2DCastleTileset/Sprites/wood_env.png using Guid(b14f9130a4f0b104b997ebaff72d3201) Importer(815301076,1909f56bfc062723c751e8b465ee728b)  -> (artifact id: 'b790e0c295eac5603f51f29c272d440c') in 0.131077 seconds 
  Import took 0.135516 seconds .

========================================================================
Received Import Request.
  Time since last request: 0.280230 seconds.
  path: Assets/Pixel2DCastleTileset/Sprites/env_objects.png
  artifactKey: Guid(bce3da605826f684396b1ac38bdb6c32) Importer(815301076,1909f56bfc062723c751e8b465ee728b)
Start importing Assets/Pixel2DCastleTileset/Sprites/env_objects.png using Guid(bce3da605826f684396b1ac38bdb6c32) Importer(815301076,1909f56bfc062723c751e8b465ee728b)  -> (artifact id: '5d7fa2a7862af80e4d2dc37c1d24e28b') in 0.035693 seconds 
  Import took 0.039909 seconds .

========================================================================
Received Import Request.
  Time since last request: 0.016897 seconds.
  path: Assets/Dark_Forest/Sprites/env_mon.png
  artifactKey: Guid(6a23b508abd49df48b72ee49cd47bf8a) Importer(815301076,1909f56bfc062723c751e8b465ee728b)
Start importing Assets/Dark_Forest/Sprites/env_mon.png using Guid(6a23b508abd49df48b72ee49cd47bf8a) Importer(815301076,1909f56bfc062723c751e8b465ee728b)  -> (artifact id: '28256dfbab5b0a8cc03f5f23107a4e4f') in 0.037502 seconds 
  Import took 0.091811 seconds .

========================================================================
Received Import Request.
  Time since last request: 0.024265 seconds.
  path: Assets/Pixel2DCastleTileset/Sprites/Sliced/wood_env.png
  artifactKey: Guid(9f1888ec7aff5a94a887e3106cbddd1d) Importer(815301076,1909f56bfc062723c751e8b465ee728b)
Start importing Assets/Pixel2DCastleTileset/Sprites/Sliced/wood_env.png using Guid(9f1888ec7aff5a94a887e3106cbddd1d) Importer(815301076,1909f56bfc062723c751e8b465ee728b)  -> (artifact id: 'b5f28228e95b121685cf51f0d37dce17') in 1.186423 seconds 
  Import took 1.208365 seconds .

========================================================================
Received Import Request.
  Time since last request: 0.180743 seconds.
  path: Assets/Pixel2DCastleTileset/Sprites/Sliced/walls_side_top.png
  artifactKey: Guid(c8ec4d8b444a24f4ba2889543ef0f232) Importer(815301076,1909f56bfc062723c751e8b465ee728b)
Start importing Assets/Pixel2DCastleTileset/Sprites/Sliced/walls_side_top.png using Guid(c8ec4d8b444a24f4ba2889543ef0f232) Importer(815301076,1909f56bfc062723c751e8b465ee728b)  -> (artifact id: '546c5f8c1664e301dc9d0cdd1a6db764') in 0.882720 seconds 
  Import took 0.887407 seconds .

========================================================================
Received Import Request.
  Time since last request: 0.146993 seconds.
  path: Assets/Dark_Forest
  artifactKey: Guid(9b3523fbf75b9b44a83c1ffbb5d54a28) Importer(815301076,1909f56bfc062723c751e8b465ee728b)
Start importing Assets/Dark_Forest using Guid(9b3523fbf75b9b44a83c1ffbb5d54a28) Importer(815301076,1909f56bfc062723c751e8b465ee728b)  -> (artifact id: '3d9ca5dc276e88357979c96f0df16128') in 0.000761 seconds 
  Import took 0.003747 seconds .

========================================================================
Received Import Request.
  Time since last request: 0.294250 seconds.
  path: Assets/Script/Gamesis2/Video.cs
  artifactKey: Guid(7ecacf4166353d34c92a05180e7826f3) Importer(815301076,1909f56bfc062723c751e8b465ee728b)
Start importing Assets/Script/Gamesis2/Video.cs using Guid(7ecacf4166353d34c92a05180e7826f3) Importer(815301076,1909f56bfc062723c751e8b465ee728b)  -> (artifact id: '80ea2472c7f93ae4de558beb84fcd762') in 0.000857 seconds 
  Import took 0.023168 seconds .

========================================================================
Received Import Request.
  Time since last request: 0.062973 seconds.
  path: Assets/Dark_Forest/Sprites/Sliced/env_rock.png
  artifactKey: Guid(94e976c5e86253f4cbc972a61fc6a87d) Importer(815301076,1909f56bfc062723c751e8b465ee728b)
Start importing Assets/Dark_Forest/Sprites/Sliced/env_rock.png using Guid(94e976c5e86253f4cbc972a61fc6a87d) Importer(815301076,1909f56bfc062723c751e8b465ee728b)  -> (artifact id: 'c859ecf213ea2375e9eac7c3fa24ddb2') in 1.464736 seconds 
  Import took 1.470680 seconds .

========================================================================
Received Import Request.
  Time since last request: 0.148117 seconds.
  path: Assets/Pixel2DCastleTileset/Sprites/Sliced/walls_far.png
  artifactKey: Guid(6f9abc8f092972e4596a62b9d031f99e) Importer(815301076,1909f56bfc062723c751e8b465ee728b)
Start importing Assets/Pixel2DCastleTileset/Sprites/Sliced/walls_far.png using Guid(6f9abc8f092972e4596a62b9d031f99e) Importer(815301076,1909f56bfc062723c751e8b465ee728b)  -> (artifact id: '7aa244a08a0fecb6ae2de7984f61ba6b') in 1.122750 seconds 
  Import took 1.127900 seconds .

========================================================================
Received Import Request.
  Time since last request: 0.403000 seconds.
  path: Assets/Pixel2DCastleTileset/Sprites/Sliced/FIVE/New Animation.anim
  artifactKey: Guid(5c91d0d20be61ca4082c5bf65f74fed8) Importer(815301076,1909f56bfc062723c751e8b465ee728b)
Start importing Assets/Pixel2DCastleTileset/Sprites/Sliced/FIVE/New Animation.anim using Guid(5c91d0d20be61ca4082c5bf65f74fed8) Importer(815301076,1909f56bfc062723c751e8b465ee728b)  -> (artifact id: '52fce1ddebefbef0fadf358462eff5d8') in 0.001385 seconds 
  Import took 0.055591 seconds .

========================================================================
Received Import Request.
  Time since last request: 0.001688 seconds.
  path: Assets/Dark_Forest/Sprites/Sliced/decorative_obj.png
  artifactKey: Guid(04054f5d2214c9642b2a456b7b921414) Importer(815301076,1909f56bfc062723c751e8b465ee728b)
Start importing Assets/Dark_Forest/Sprites/Sliced/decorative_obj.png using Guid(04054f5d2214c9642b2a456b7b921414) Importer(815301076,1909f56bfc062723c751e8b465ee728b)  -> (artifact id: 'd7355361341df269208238af572c856a') in 1.517567 seconds 
  Import took 1.576665 seconds .

========================================================================
Received Import Request.
  Time since last request: 0.765029 seconds.
  path: Assets/Dark_Forest/Sprites/Sliced/bgrd_tree4.png
  artifactKey: Guid(140d47a4d8b5a574594d83b98684c917) Importer(815301076,1909f56bfc062723c751e8b465ee728b)
Start importing Assets/Dark_Forest/Sprites/Sliced/bgrd_tree4.png using Guid(140d47a4d8b5a574594d83b98684c917) Importer(815301076,1909f56bfc062723c751e8b465ee728b)  -> (artifact id: '48d1cede50a7838d6fd70348a1c00739') in 0.010019 seconds 
  Import took 0.076927 seconds .

========================================================================
Received Import Request.
  Time since last request: 0.266529 seconds.
  path: Assets/Dark_Forest/Sprites/Sliced/top_far_bgrnd.png
  artifactKey: Guid(93f45b0e21c63554785c8f7890cc8e23) Importer(815301076,1909f56bfc062723c751e8b465ee728b)
Start importing Assets/Dark_Forest/Sprites/Sliced/top_far_bgrnd.png using Guid(93f45b0e21c63554785c8f7890cc8e23) Importer(815301076,1909f56bfc062723c751e8b465ee728b)  -> (artifact id: '850e0cfdd075db9081f9aa42bcd07406') in 3.384945 seconds 
  Import took 3.409662 seconds .

========================================================================
Received Import Request.
  Time since last request: 0.351282 seconds.
  path: Assets/Dark_Forest/Sprites/Sliced/castle_env.png
  artifactKey: Guid(f92108e62af6ac444980a5f1a0acb5b8) Importer(815301076,1909f56bfc062723c751e8b465ee728b)
Start importing Assets/Dark_Forest/Sprites/Sliced/castle_env.png using Guid(f92108e62af6ac444980a5f1a0acb5b8) Importer(815301076,1909f56bfc062723c751e8b465ee728b)  -> (artifact id: '66ed2bfdcd6acd2d99d883a05649e4bf') in 2.789779 seconds 
  Import took 2.964012 seconds .

========================================================================
Received Import Request.
  Time since last request: 0.187014 seconds.
  path: Assets/Dark_Forest/Sprites/castle_env.png
  artifactKey: Guid(5251b297217deb84b9c615310cbdccdc) Importer(815301076,1909f56bfc062723c751e8b465ee728b)
Start importing Assets/Dark_Forest/Sprites/castle_env.png using Guid(5251b297217deb84b9c615310cbdccdc) Importer(815301076,1909f56bfc062723c751e8b465ee728b)  -> (artifact id: '92c2cb1592fb1a5b99767bfad79e7aea') in 0.026359 seconds 
  Import took 0.050689 seconds .

========================================================================
Received Import Request.
  Time since last request: 0.204524 seconds.
  path: Assets/Dark_Forest/Sprites/Sliced/env_ground.png
  artifactKey: Guid(7b49ce16a21450a419618863cf33cbe6) Importer(815301076,1909f56bfc062723c751e8b465ee728b)
Start importing Assets/Dark_Forest/Sprites/Sliced/env_ground.png using Guid(7b49ce16a21450a419618863cf33cbe6) Importer(815301076,1909f56bfc062723c751e8b465ee728b)  -> (artifact id: '5a6b0de5351a4bfc7d36929e88e1f114') in 1.375646 seconds 
  Import took 1.510125 seconds .

========================================================================
Received Import Request.
  Time since last request: 0.650483 seconds.
  path: Assets/Script/PlayerScript/PlayerComBat.cs
  artifactKey: Guid(424e42690a039c6488cc8d22f45ed691) Importer(815301076,1909f56bfc062723c751e8b465ee728b)
Start importing Assets/Script/PlayerScript/PlayerComBat.cs using Guid(424e42690a039c6488cc8d22f45ed691) Importer(815301076,1909f56bfc062723c751e8b465ee728b)  -> (artifact id: '3c027188e496c811a27829dd1e44122e') in 0.000854 seconds 
  Import took 0.004271 seconds .

========================================================================
Received Import Request.
  Time since last request: 0.207197 seconds.
  path: Assets/Pixel2DCastleTileset/Sprites/Sliced/anim_light1.png
  artifactKey: Guid(341b226fa20286643a16a3fe05a3286b) Importer(815301076,1909f56bfc062723c751e8b465ee728b)
Start importing Assets/Pixel2DCastleTileset/Sprites/Sliced/anim_light1.png using Guid(341b226fa20286643a16a3fe05a3286b) Importer(815301076,1909f56bfc062723c751e8b465ee728b)  -> (artifact id: 'f7c4357aaa1bb12edde3649700374633') in 0.018469 seconds 
  Import took 0.034914 seconds .

========================================================================
Received Import Request.
  Time since last request: 0.138983 seconds.
  path: Assets/Pixel2DCastleTileset/Sprites/Sliced
  artifactKey: Guid(985eb2e4805a8bd4d8bb15fbd05f28bc) Importer(815301076,1909f56bfc062723c751e8b465ee728b)
Start importing Assets/Pixel2DCastleTileset/Sprites/Sliced using Guid(985eb2e4805a8bd4d8bb15fbd05f28bc) Importer(815301076,1909f56bfc062723c751e8b465ee728b)  -> (artifact id: 'a677a02c3134a9c3f99ff05486e4e02a') in 0.000873 seconds 
  Import took 0.004611 seconds .

========================================================================
Received Import Request.
  Time since last request: 0.023053 seconds.
  path: Assets/Pixel2DCastleTileset/Sprites/ground.png
  artifactKey: Guid(0d5f3f330d5ae6e46b61136c76710a25) Importer(815301076,1909f56bfc062723c751e8b465ee728b)
Start importing Assets/Pixel2DCastleTileset/Sprites/ground.png using Guid(0d5f3f330d5ae6e46b61136c76710a25) Importer(815301076,1909f56bfc062723c751e8b465ee728b)  -> (artifact id: '3a335425d0970161fd2709c564214c35') in 0.148253 seconds 
  Import took 0.169396 seconds .

========================================================================
Received Import Request.
  Time since last request: 0.002684 seconds.
  path: Assets/Script/PlayerScript/CharacterController2D.cs
  artifactKey: Guid(7999007be43ac4148836528265099afc) Importer(815301076,1909f56bfc062723c751e8b465ee728b)
Start importing Assets/Script/PlayerScript/CharacterController2D.cs using Guid(7999007be43ac4148836528265099afc) Importer(815301076,1909f56bfc062723c751e8b465ee728b)  -> (artifact id: 'bda1d8a591fb08ed447e7c480002e867') in 0.000844 seconds 
  Import took 0.014699 seconds .

========================================================================
Received Import Request.
  Time since last request: 0.003137 seconds.
  path: Assets/Dark_Forest/Sprites/bgrd_tree1.png
  artifactKey: Guid(de3df8bfabc7d93479736fa4c153cb5d) Importer(815301076,1909f56bfc062723c751e8b465ee728b)
Start importing Assets/Dark_Forest/Sprites/bgrd_tree1.png using Guid(de3df8bfabc7d93479736fa4c153cb5d) Importer(815301076,1909f56bfc062723c751e8b465ee728b)  -> (artifact id: '907fe8d03fc361e7f3aeaeb0177d68f9') in 0.013077 seconds 
  Import took 0.021573 seconds .

========================================================================
Received Import Request.
  Time since last request: 0.272904 seconds.
  path: Assets/Dark_Forest/Scene
  artifactKey: Guid(335352e714f06b546abe656e7232e6ba) Importer(815301076,1909f56bfc062723c751e8b465ee728b)
Start importing Assets/Dark_Forest/Scene using Guid(335352e714f06b546abe656e7232e6ba) Importer(815301076,1909f56bfc062723c751e8b465ee728b)  -> (artifact id: 'dd458e82a285cacb34c0bfc0f56801d7') in 0.000934 seconds 
  Import took 0.004848 seconds .

========================================================================
Received Import Request.
  Time since last request: 0.211837 seconds.
  path: Assets/Pixel2DCastleTileset/Sprites/walls_side_top.png
  artifactKey: Guid(841b0af3aff6b1e41ac0b4e231ca426e) Importer(815301076,1909f56bfc062723c751e8b465ee728b)
Start importing Assets/Pixel2DCastleTileset/Sprites/walls_side_top.png using Guid(841b0af3aff6b1e41ac0b4e231ca426e) Importer(815301076,1909f56bfc062723c751e8b465ee728b)  -> (artifact id: 'ed01acfea3fe53e4bacfeb2b02b15db1') in 0.159872 seconds 
  Import took 0.163537 seconds .

========================================================================
Received Import Request.
  Time since last request: 0.102064 seconds.
  path: Assets/Pixel2DCastleTileset/Sprites/Sliced/anim_lights.png
  artifactKey: Guid(8af458c9a36be6d46a70eb4946a555a6) Importer(815301076,1909f56bfc062723c751e8b465ee728b)
Start importing Assets/Pixel2DCastleTileset/Sprites/Sliced/anim_lights.png using Guid(8af458c9a36be6d46a70eb4946a555a6) Importer(815301076,1909f56bfc062723c751e8b465ee728b)  -> (artifact id: '70c221d6188f56fcb15c10328da5c66e') in 0.062654 seconds 
  Import took 0.099022 seconds .

========================================================================
Received Import Request.
  Time since last request: 0.179879 seconds.
  path: Assets/Dark_Forest/Sprites/main_background.png
  artifactKey: Guid(18d1ddd5985afab43a3a8300d1a01faf) Importer(815301076,1909f56bfc062723c751e8b465ee728b)
Start importing Assets/Dark_Forest/Sprites/main_background.png using Guid(18d1ddd5985afab43a3a8300d1a01faf) Importer(815301076,1909f56bfc062723c751e8b465ee728b)  -> (artifact id: 'bb36232b5f04439ad60a1a459c9e5b22') in 0.027572 seconds 
  Import took 0.030986 seconds .

========================================================================
Received Import Request.
  Time since last request: 0.020755 seconds.
  path: Assets/Dark_Forest/Sprites/bgrd_tree3.png
  artifactKey: Guid(9615eb05c38a5024da20b41889bf96d4) Importer(815301076,1909f56bfc062723c751e8b465ee728b)
Start importing Assets/Dark_Forest/Sprites/bgrd_tree3.png using Guid(9615eb05c38a5024da20b41889bf96d4) Importer(815301076,1909f56bfc062723c751e8b465ee728b)  -> (artifact id: 'cc8762371ebc002e16678e279e58e468') in 0.015902 seconds 
  Import took 0.019561 seconds .

========================================================================
Received Import Request.
  Time since last request: 0.020463 seconds.
  path: Assets/Script/PlayerScript/Player.cs
  artifactKey: Guid(b3cc4a9f4db7f764daacb0790f23e675) Importer(815301076,1909f56bfc062723c751e8b465ee728b)
Start importing Assets/Script/PlayerScript/Player.cs using Guid(b3cc4a9f4db7f764daacb0790f23e675) Importer(815301076,1909f56bfc062723c751e8b465ee728b)  -> (artifact id: '77cf1af15d9fd2a7e82406294357f352') in 0.000795 seconds 
  Import took 0.057560 seconds .

========================================================================
Received Import Request.
  Time since last request: 0.160699 seconds.
  path: Assets/Script/Boss/BossHealth.cs
  artifactKey: Guid(6789f0c805278b3488f648ffaec33c1d) Importer(815301076,1909f56bfc062723c751e8b465ee728b)
Start importing Assets/Script/Boss/BossHealth.cs using Guid(6789f0c805278b3488f648ffaec33c1d) Importer(815301076,1909f56bfc062723c751e8b465ee728b)  -> (artifact id: '2b3f7fe86678b218fedf307350a53861') in 0.000822 seconds 
  Import took 0.040030 seconds .

========================================================================
Received Import Request.
  Time since last request: 0.105303 seconds.
  path: Assets/Pixel2DCastleTileset/Sprites/Sliced/env_objects_far.png
  artifactKey: Guid(4e065ab5b37dca04db31251981ec0347) Importer(815301076,1909f56bfc062723c751e8b465ee728b)
Start importing Assets/Pixel2DCastleTileset/Sprites/Sliced/env_objects_far.png using Guid(4e065ab5b37dca04db31251981ec0347) Importer(815301076,1909f56bfc062723c751e8b465ee728b)  -> (artifact id: '0e0fe1fcd62dabd04cbd29d589f4bb4d') in 1.129917 seconds 
  Import took 1.179950 seconds .

========================================================================
Received Import Request.
  Time since last request: 0.235255 seconds.
  path: Assets/Pixel2DCastleTileset/Sprites/anim_light3.png
  artifactKey: Guid(66ccc38c5cd908a41a6b315e44ab8658) Importer(815301076,1909f56bfc062723c751e8b465ee728b)
Start importing Assets/Pixel2DCastleTileset/Sprites/anim_light3.png using Guid(66ccc38c5cd908a41a6b315e44ab8658) Importer(815301076,1909f56bfc062723c751e8b465ee728b)  -> (artifact id: '0b9bcfead76f4eb3e1de0668e2387f5e') in 0.007147 seconds 
  Import took 0.090668 seconds .

========================================================================
Received Prepare
Refreshing native plugins compatible for Editor in 2.59 ms, found 3 plugins.
Preloading 0 native plugins for Editor in 0.00 ms.
Unloading 15 Unused Serialized files (Serialized files now loaded: 0)
System memory in use before: 61.9 MB.
System memory in use after: 62.1 MB.

Unloading 15 unused Assets to reduce memory usage. Loaded Objects now: 3561.
Total: 4.759100 ms (FindLiveObjects: 0.289000 ms CreateObjectMapping: 0.115500 ms MarkObjects: 4.330000 ms  DeleteObjects: 0.022200 ms)

AssetImportParameters requested are different than current active one (requested -> active):
  custom:framework-win-MediaFoundation: 216162199b28c13a410421893ffa2e32 -> 
  custom:video-decoder-ogg-theora: a1e56fd34408186e4bbccfd4996cb3dc -> 
  custom:container-muxer-webm: aa71ff27fc2769a1b78a27578f13a17b -> 
  custom:container-demuxer-webm: 4f35f7cbe854078d1ac9338744f61a02 -> 
  custom:container-demuxer-ogg: 62fdf1f143b41e24485cea50d1cbac27 -> 
  custom:video-encoder-webm-vp8: eb34c28f22e8b96e1ab97ce403110664 -> 
  custom:video-codec-MediaFoundation-h265: 746d11721c4dcdbdad8f713fa42b33f4 -> 
  custom:video-decoder-webm-vp8: 9c59270c3fd7afecdb556c50c9e8de78 -> 
  custom:audio-decoder-ogg-vorbis: bf7c407c2cedff20999df2af8eb42d56 -> 
  custom:audio-encoder-webm-vorbis: bf7c407c2cedff20999df2af8eb42d56 -> 
========================================================================
Received Prepare
Refreshing native plugins compatible for Editor in 3.22 ms, found 3 plugins.
Preloading 0 native plugins for Editor in 0.00 ms.
Unloading 15 Unused Serialized files (Serialized files now loaded: 0)
System memory in use before: 61.9 MB.
System memory in use after: 62.1 MB.

Unloading 15 unused Assets to reduce memory usage. Loaded Objects now: 3561.
Total: 5.451800 ms (FindLiveObjects: 0.539000 ms CreateObjectMapping: 0.260000 ms MarkObjects: 4.616100 ms  DeleteObjects: 0.034400 ms)

AssetImportParameters requested are different than current active one (requested -> active):
  custom:framework-win-MediaFoundation: 216162199b28c13a410421893ffa2e32 -> 
  custom:video-decoder-ogg-theora: a1e56fd34408186e4bbccfd4996cb3dc -> 
  custom:container-muxer-webm: aa71ff27fc2769a1b78a27578f13a17b -> 
  custom:container-demuxer-webm: 4f35f7cbe854078d1ac9338744f61a02 -> 
  custom:container-demuxer-ogg: 62fdf1f143b41e24485cea50d1cbac27 -> 
  custom:video-encoder-webm-vp8: eb34c28f22e8b96e1ab97ce403110664 -> 
  custom:video-codec-MediaFoundation-h265: 746d11721c4dcdbdad8f713fa42b33f4 -> 
  custom:video-decoder-webm-vp8: 9c59270c3fd7afecdb556c50c9e8de78 -> 
  custom:audio-decoder-ogg-vorbis: bf7c407c2cedff20999df2af8eb42d56 -> 
  custom:audio-encoder-webm-vorbis: bf7c407c2cedff20999df2af8eb42d56 -> 
========================================================================
Received Import Request.
  Time since last request: 1825.103047 seconds.
  path: Assets/Scenes/SampleScene.unity
  artifactKey: Guid(e7a97b9127bbb6945a5901678e6373e5) Importer(815301076,1909f56bfc062723c751e8b465ee728b)
Start importing Assets/Scenes/SampleScene.unity using Guid(e7a97b9127bbb6945a5901678e6373e5) Importer(815301076,1909f56bfc062723c751e8b465ee728b)  -> (artifact id: 'b2cb889492a010ae68e3992d23da6634') in 0.003005 seconds 
  Import took 0.125637 seconds .

========================================================================
Received Prepare
Registering precompiled user dll's ...
Registered in 0.002606 seconds.
Begin MonoManager ReloadAssembly
Native extension for WindowsStandalone target not found
Refreshing native plugins compatible for Editor in 0.85 ms, found 3 plugins.
Preloading 0 native plugins for Editor in 0.00 ms.
Mono: successfully reloaded assembly
- Completed reload, in  1.011 seconds
Domain Reload Profiling:
	ReloadAssembly (1011ms)
		BeginReloadAssembly (98ms)
			ExecutionOrderSort (0ms)
			DisableScriptedObjects (5ms)
			BackupInstance (0ms)
			ReleaseScriptingObjects (0ms)
			CreateAndSetChildDomain (34ms)
		EndReloadAssembly (860ms)
			LoadAssemblies (75ms)
			RebuildTransferFunctionScriptingTraits (0ms)
			SetupTypeCache (285ms)
			ReleaseScriptCaches (1ms)
			RebuildScriptCaches (46ms)
			SetupLoadedEditorAssemblies (347ms)
				LogAssemblyErrors (0ms)
				InitializePlatformSupportModulesInManaged (4ms)
				SetLoadedEditorAssemblies (1ms)
				RefreshPlugins (1ms)
				BeforeProcessingInitializeOnLoad (132ms)
				ProcessInitializeOnLoadAttributes (194ms)
				ProcessInitializeOnLoadMethodAttributes (10ms)
				AfterProcessingInitializeOnLoad (5ms)
				EditorAssembliesLoaded (0ms)
			ExecutionOrderSort2 (0ms)
			AwakeInstancesAfterBackupRestoration (8ms)
Platform modules already initialized, skipping
Refreshing native plugins compatible for Editor in 0.53 ms, found 3 plugins.
Preloading 0 native plugins for Editor in 0.00 ms.
Unloading 2371 Unused Serialized files (Serialized files now loaded: 0)
System memory in use before: 108.5 MB.
System memory in use after: 108.7 MB.

Unloading 18 unused Assets to reduce memory usage. Loaded Objects now: 3563.
Total: 3.297500 ms (FindLiveObjects: 0.274500 ms CreateObjectMapping: 0.112100 ms MarkObjects: 2.887900 ms  DeleteObjects: 0.021900 ms)

AssetImportParameters requested are different than current active one (requested -> active):
  custom:framework-win-MediaFoundation: 216162199b28c13a410421893ffa2e32 -> 
  custom:video-decoder-ogg-theora: a1e56fd34408186e4bbccfd4996cb3dc -> 
  custom:container-muxer-webm: aa71ff27fc2769a1b78a27578f13a17b -> 
  custom:container-demuxer-webm: 4f35f7cbe854078d1ac9338744f61a02 -> 
  custom:container-demuxer-ogg: 62fdf1f143b41e24485cea50d1cbac27 -> 
  custom:video-encoder-webm-vp8: eb34c28f22e8b96e1ab97ce403110664 -> 
  custom:video-codec-MediaFoundation-h265: 746d11721c4dcdbdad8f713fa42b33f4 -> 
  custom:video-decoder-webm-vp8: 9c59270c3fd7afecdb556c50c9e8de78 -> 
  custom:audio-decoder-ogg-vorbis: bf7c407c2cedff20999df2af8eb42d56 -> 
  custom:audio-encoder-webm-vorbis: bf7c407c2cedff20999df2af8eb42d56 -> 
========================================================================
Received Prepare
Registering precompiled user dll's ...
Registered in 0.002688 seconds.
Begin MonoManager ReloadAssembly
Native extension for WindowsStandalone target not found
Refreshing native plugins compatible for Editor in 0.53 ms, found 3 plugins.
Preloading 0 native plugins for Editor in 0.00 ms.
Mono: successfully reloaded assembly
- Completed reload, in  1.161 seconds
Domain Reload Profiling:
	ReloadAssembly (1161ms)
		BeginReloadAssembly (98ms)
			ExecutionOrderSort (0ms)
			DisableScriptedObjects (6ms)
			BackupInstance (0ms)
			ReleaseScriptingObjects (0ms)
			CreateAndSetChildDomain (37ms)
		EndReloadAssembly (1009ms)
			LoadAssemblies (78ms)
			RebuildTransferFunctionScriptingTraits (0ms)
			SetupTypeCache (322ms)
			ReleaseScriptCaches (1ms)
			RebuildScriptCaches (45ms)
			SetupLoadedEditorAssemblies (462ms)
				LogAssemblyErrors (0ms)
				InitializePlatformSupportModulesInManaged (4ms)
				SetLoadedEditorAssemblies (0ms)
				RefreshPlugins (1ms)
				BeforeProcessingInitializeOnLoad (83ms)
				ProcessInitializeOnLoadAttributes (358ms)
				ProcessInitializeOnLoadMethodAttributes (11ms)
				AfterProcessingInitializeOnLoad (5ms)
				EditorAssembliesLoaded (0ms)
			ExecutionOrderSort2 (0ms)
			AwakeInstancesAfterBackupRestoration (9ms)
Platform modules already initialized, skipping
Refreshing native plugins compatible for Editor in 0.72 ms, found 3 plugins.
Preloading 0 native plugins for Editor in 0.00 ms.
Unloading 2371 Unused Serialized files (Serialized files now loaded: 0)
System memory in use before: 108.5 MB.
System memory in use after: 108.8 MB.

Unloading 18 unused Assets to reduce memory usage. Loaded Objects now: 3565.
Total: 3.533100 ms (FindLiveObjects: 0.347100 ms CreateObjectMapping: 0.222700 ms MarkObjects: 2.932700 ms  DeleteObjects: 0.028900 ms)

AssetImportParameters requested are different than current active one (requested -> active):
  custom:framework-win-MediaFoundation: 216162199b28c13a410421893ffa2e32 -> 
  custom:video-decoder-ogg-theora: a1e56fd34408186e4bbccfd4996cb3dc -> 
  custom:container-muxer-webm: aa71ff27fc2769a1b78a27578f13a17b -> 
  custom:container-demuxer-webm: 4f35f7cbe854078d1ac9338744f61a02 -> 
  custom:container-demuxer-ogg: 62fdf1f143b41e24485cea50d1cbac27 -> 
  custom:video-encoder-webm-vp8: eb34c28f22e8b96e1ab97ce403110664 -> 
  custom:video-codec-MediaFoundation-h265: 746d11721c4dcdbdad8f713fa42b33f4 -> 
  custom:video-decoder-webm-vp8: 9c59270c3fd7afecdb556c50c9e8de78 -> 
  custom:audio-decoder-ogg-vorbis: bf7c407c2cedff20999df2af8eb42d56 -> 
  custom:audio-encoder-webm-vorbis: bf7c407c2cedff20999df2af8eb42d56 -> 
========================================================================
Received Prepare
Refreshing native plugins compatible for Editor in 2.55 ms, found 3 plugins.
Preloading 0 native plugins for Editor in 0.00 ms.
Unloading 15 Unused Serialized files (Serialized files now loaded: 0)
System memory in use before: 61.9 MB.
System memory in use after: 62.2 MB.

Unloading 15 unused Assets to reduce memory usage. Loaded Objects now: 3565.
Total: 2.760000 ms (FindLiveObjects: 0.238000 ms CreateObjectMapping: 0.137200 ms MarkObjects: 2.371700 ms  DeleteObjects: 0.012500 ms)

AssetImportParameters requested are different than current active one (requested -> active):
  custom:framework-win-MediaFoundation: 216162199b28c13a410421893ffa2e32 -> 
  custom:video-decoder-ogg-theora: a1e56fd34408186e4bbccfd4996cb3dc -> 
  custom:container-muxer-webm: aa71ff27fc2769a1b78a27578f13a17b -> 
  custom:container-demuxer-webm: 4f35f7cbe854078d1ac9338744f61a02 -> 
  custom:container-demuxer-ogg: 62fdf1f143b41e24485cea50d1cbac27 -> 
  custom:video-encoder-webm-vp8: eb34c28f22e8b96e1ab97ce403110664 -> 
  custom:video-codec-MediaFoundation-h265: 746d11721c4dcdbdad8f713fa42b33f4 -> 
  custom:video-decoder-webm-vp8: 9c59270c3fd7afecdb556c50c9e8de78 -> 
  custom:audio-decoder-ogg-vorbis: bf7c407c2cedff20999df2af8eb42d56 -> 
  custom:audio-encoder-webm-vorbis: bf7c407c2cedff20999df2af8eb42d56 -> 
========================================================================
Received Import Request.
  Time since last request: 498.695301 seconds.
  path: Assets/Scenes/Stage2.unity
  artifactKey: Guid(63cba386d586b534786168b7d4dcb369) Importer(815301076,1909f56bfc062723c751e8b465ee728b)
Start importing Assets/Scenes/Stage2.unity using Guid(63cba386d586b534786168b7d4dcb369) Importer(815301076,1909f56bfc062723c751e8b465ee728b)  -> (artifact id: '917cb5ffa60fe846efc3201fc21abccf') in 0.012551 seconds 
  Import took 0.033331 seconds .

AssetImportWorkerClient::OnTransportError - code=2 error=End of file
